<?xml version="1.0" encoding="UTF-8"?>
<!-- Generated by org.testng.reporters.JUnitReportReporter -->
<testsuite hostname="DESKTOP-EUND80C" failures="0" tests="6" name="com.crm.qa.testcases.DealPageTest" time="109.344" errors="0" timestamp="2023-12-07T23:13:17 EST" skipped="0">
  <testcase classname="com.crm.qa.testcases.DealPageTest" name="dealPageValidationTest" time="13.952"/>
  <testcase classname="com.crm.qa.testcases.DealPageTest" name="addNewDealTest" time="18.139"/>
  <testcase classname="com.crm.qa.testcases.DealPageTest" name="addNewDealTest" time="17.294"/>
  <testcase classname="com.crm.qa.testcases.DealPageTest" name="addNewDealTest" time="19.226"/>
  <testcase classname="com.crm.qa.testcases.DealPageTest" name="addNewDealTest" time="17.804"/>
  <testcase classname="com.crm.qa.testcases.DealPageTest" name="deleteDealTest" time="22.929"/>
</testsuite> <!-- com.crm.qa.testcases.DealPageTest -->
