<?xml version="1.0" encoding="UTF-8"?>
<!-- Generated by org.testng.reporters.JUnitReportReporter -->
<testsuite hostname="DESKTOP-EUND80C" failures="0" tests="3" name="com.crm.qa.testcases.HomePageTest" time="60.316" errors="0" timestamp="2023-12-06T14:27:44 EST" skipped="0">
  <testcase classname="com.crm.qa.testcases.HomePageTest" name="varifyHomePageTitle" time="19.357"/>
  <testcase classname="com.crm.qa.testcases.HomePageTest" name="verifyUserNameTest" time="20.204"/>
  <testcase classname="com.crm.qa.testcases.HomePageTest" name="verifycontect" time="20.755"/>
</testsuite> <!-- com.crm.qa.testcases.HomePageTest -->
