<?xml version="1.0" encoding="UTF-8"?>
<!-- Generated by org.testng.reporters.JUnitReportReporter -->
<testsuite hostname="DESKTOP-EUND80C" failures="0" tests="3" name="com.crm.qa.testcases.HomePageTest" time="51.621" errors="0" timestamp="2023-12-18T21:16:07 EST" skipped="0">
  <testcase classname="com.crm.qa.testcases.HomePageTest" name="varifyHomePageTitle" time="16.847"/>
  <testcase classname="com.crm.qa.testcases.HomePageTest" name="verifyUserNameTest" time="16.339"/>
  <testcase classname="com.crm.qa.testcases.HomePageTest" name="verifycontect" time="18.435"/>
</testsuite> <!-- com.crm.qa.testcases.HomePageTest -->
