<?xml version="1.0" encoding="UTF-8"?>
<!-- Generated by org.testng.reporters.JUnitReportReporter -->
<testsuite hostname="DESKTOP-EUND80C" failures="0" tests="2" name="com.crm.qa.testcases.LoginPageTest" time="18.035" errors="0" timestamp="2023-12-07T23:13:17 EST" skipped="0">
  <testcase classname="com.crm.qa.testcases.LoginPageTest" name="loginPageTitleTest" time="10.844"/>
  <testcase classname="com.crm.qa.testcases.LoginPageTest" name="logoImageTest" time="7.191"/>
</testsuite> <!-- com.crm.qa.testcases.LoginPageTest -->
