<?xml version="1.0" encoding="UTF-8"?>
<!-- Generated by org.testng.reporters.JUnitReportReporter -->
<testsuite hostname="DESKTOP-EUND80C" failures="0" tests="1" name="com.crm.qa.testcases.TaskPageTest" time="23.667" errors="0" timestamp="2023-12-07T17:54:35 EST" skipped="0">
  <testcase classname="com.crm.qa.testcases.TaskPageTest" name="delateTaskTest" time="23.667"/>
</testsuite> <!-- com.crm.qa.testcases.TaskPageTest -->
