<?xml version="1.0" encoding="UTF-8"?>
<!-- Generated by org.testng.reporters.JUnitReportReporter -->
<testsuite hostname="DESKTOP-EUND80C" failures="0" tests="1" name="com.crm.qa.testcases.LoginPageTest" time="8.150" errors="0" timestamp="2023-12-04T23:42:41 EST" skipped="0">
  <testcase classname="com.crm.qa.testcases.LoginPageTest" name="loginPageTitleTest" time="8.150"/>
</testsuite> <!-- com.crm.qa.testcases.LoginPageTest -->
