<?xml version="1.0" encoding="UTF-8"?>
<!-- Generated by org.testng.reporters.JUnitReportReporter -->
<testsuite hostname="DESKTOP-EUND80C" failures="0" tests="1" name="com.crm.qa.testcases.DealPageTest" time="13.396" errors="0" timestamp="2023-12-07T16:47:30 EST" skipped="0">
  <testcase classname="com.crm.qa.testcases.DealPageTest" name="dealPageValidationTest" time="13.396"/>
</testsuite> <!-- com.crm.qa.testcases.DealPageTest -->
