<?xml version="1.0" encoding="UTF-8"?>
<!-- Generated by org.testng.reporters.JUnitReportReporter -->
<testsuite hostname="DESKTOP-EUND80C" failures="0" tests="6" name="com.crm.qa.testcases.DealPageTest" time="145.168" errors="0" timestamp="2023-12-18T21:16:07 EST" skipped="0">
  <testcase classname="com.crm.qa.testcases.DealPageTest" name="dealPageValidationTest" time="13.811"/>
  <testcase classname="com.crm.qa.testcases.DealPageTest" name="addNewDealTest" time="18.491"/>
  <testcase classname="com.crm.qa.testcases.DealPageTest" name="addNewDealTest" time="17.801"/>
  <testcase classname="com.crm.qa.testcases.DealPageTest" name="addNewDealTest" time="18.233"/>
  <testcase classname="com.crm.qa.testcases.DealPageTest" name="addNewDealTest" time="17.559"/>
  <testcase classname="com.crm.qa.testcases.DealPageTest" name="deleteDealTest" time="59.273"/>
</testsuite> <!-- com.crm.qa.testcases.DealPageTest -->
