<?xml version="1.0" encoding="UTF-8"?>
<!-- Generated by org.testng.reporters.JUnitReportReporter -->
<testsuite hostname="DESKTOP-EUND80C" failures="0" tests="1" name="com.crm.qa.testcases.NewTest" time="3.581" errors="0" timestamp="2023-12-01T13:39:43 EST" skipped="0">
  <testcase classname="com.crm.qa.testcases.NewTest" name="f" time="3.581"/>
</testsuite> <!-- com.crm.qa.testcases.NewTest -->
