<?xml version="1.0" encoding="UTF-8"?>
<!-- Generated by org.testng.reporters.JUnitReportReporter -->
<testsuite hostname="DESKTOP-EUND80C" failures="0" tests="2" name="com.crm.qa.testcases.LoginPageTest" time="23.516" errors="0" timestamp="2023-12-18T21:16:07 EST" skipped="0">
  <testcase classname="com.crm.qa.testcases.LoginPageTest" name="loginPageTitleTest" time="15.821"/>
  <testcase classname="com.crm.qa.testcases.LoginPageTest" name="logoImageTest" time="7.695"/>
</testsuite> <!-- com.crm.qa.testcases.LoginPageTest -->
