<?xml version="1.0" encoding="UTF-8"?>
<!-- Generated by org.testng.reporters.JUnitReportReporter -->
<testsuite hostname="DESKTOP-EUND80C" failures="0" tests="7" name="com.crm.qa.testcases.ContactsPageTest" time="174.691" errors="0" timestamp="2023-12-18T21:16:07 EST" skipped="0">
  <testcase classname="com.crm.qa.testcases.ContactsPageTest" name="contactLabelIsDisplayTest" time="12.744"/>
  <testcase classname="com.crm.qa.testcases.ContactsPageTest" name="CheckboxClickTest" time="17.456"/>
  <testcase classname="com.crm.qa.testcases.ContactsPageTest" name="validateCreateNewContact" time="18.750"/>
  <testcase classname="com.crm.qa.testcases.ContactsPageTest" name="validateCreateNewContact" time="21.842"/>
  <testcase classname="com.crm.qa.testcases.ContactsPageTest" name="validateCreateNewContact" time="14.788"/>
  <testcase classname="com.crm.qa.testcases.ContactsPageTest" name="validateCreateNewContact" time="22.165"/>
  <testcase classname="com.crm.qa.testcases.ContactsPageTest" name="delateContectsTest" time="66.946"/>
</testsuite> <!-- com.crm.qa.testcases.ContactsPageTest -->
