<?xml version="1.0" encoding="UTF-8"?>
<!-- Generated by org.testng.reporters.JUnitReportReporter -->
<testsuite hostname="DESKTOP-EUND80C" failures="0" tests="3" name="com.crm.qa.testcases.HomePageTest" time="47.448" errors="0" timestamp="2023-12-07T23:13:17 EST" skipped="0">
  <testcase classname="com.crm.qa.testcases.HomePageTest" name="varifyHomePageTitle" time="14.750"/>
  <testcase classname="com.crm.qa.testcases.HomePageTest" name="verifyUserNameTest" time="15.937"/>
  <testcase classname="com.crm.qa.testcases.HomePageTest" name="verifycontect" time="16.761"/>
</testsuite> <!-- com.crm.qa.testcases.HomePageTest -->
