<?xml version="1.0" encoding="UTF-8"?>
<!-- Generated by org.testng.reporters.JUnitReportReporter -->
<testsuite hostname="DESKTOP-EUND80C" failures="0" tests="7" name="com.crm.qa.testcases.TaskPageTest" time="123.247" errors="0" timestamp="2023-12-07T23:13:17 EST" skipped="0">
  <testcase classname="com.crm.qa.testcases.TaskPageTest" name="taskPageValidationTest" time="15.998"/>
  <testcase classname="com.crm.qa.testcases.TaskPageTest" name="addNewTaskTest" time="17.583"/>
  <testcase classname="com.crm.qa.testcases.TaskPageTest" name="addNewTaskTest" time="17.070"/>
  <testcase classname="com.crm.qa.testcases.TaskPageTest" name="addNewTaskTest" time="18.244"/>
  <testcase classname="com.crm.qa.testcases.TaskPageTest" name="addNewTaskTest" time="18.290"/>
  <testcase classname="com.crm.qa.testcases.TaskPageTest" name="verifyaddedtaskTest" time="12.703"/>
  <testcase classname="com.crm.qa.testcases.TaskPageTest" name="delateTaskTest" time="23.359"/>
</testsuite> <!-- com.crm.qa.testcases.TaskPageTest -->
