<?xml version="1.0" encoding="UTF-8"?>
<!-- Generated by org.testng.reporters.JUnitReportReporter -->
<testsuite hostname="DESKTOP-EUND80C" failures="0" tests="7" name="com.crm.qa.testcases.TaskPageTest" time="129.897" errors="0" timestamp="2023-12-18T21:16:07 EST" skipped="0">
  <testcase classname="com.crm.qa.testcases.TaskPageTest" name="taskPageValidationTest" time="15.649"/>
  <testcase classname="com.crm.qa.testcases.TaskPageTest" name="addNewTaskTest" time="17.309"/>
  <testcase classname="com.crm.qa.testcases.TaskPageTest" name="addNewTaskTest" time="16.808"/>
  <testcase classname="com.crm.qa.testcases.TaskPageTest" name="addNewTaskTest" time="16.816"/>
  <testcase classname="com.crm.qa.testcases.TaskPageTest" name="addNewTaskTest" time="17.718"/>
  <testcase classname="com.crm.qa.testcases.TaskPageTest" name="verifyaddedtaskTest" time="13.012"/>
  <testcase classname="com.crm.qa.testcases.TaskPageTest" name="delateTaskTest" time="32.585"/>
</testsuite> <!-- com.crm.qa.testcases.TaskPageTest -->
