<?xml version="1.0" encoding="UTF-8"?>
<!-- Generated by org.testng.reporters.JUnitReportReporter -->
<testsuite hostname="DESKTOP-EUND80C" failures="0" tests="1" name="com.crm.qa.testcases.ContactsPageTest" time="47.645" errors="0" timestamp="2023-12-07T16:26:51 EST" skipped="0">
  <testcase classname="com.crm.qa.testcases.ContactsPageTest" name="delateContectsTest" time="47.645"/>
</testsuite> <!-- com.crm.qa.testcases.ContactsPageTest -->
