<?xml version="1.0" encoding="UTF-8"?>
<!-- Generated by org.testng.reporters.JUnitReportReporter -->
<testsuite hostname="DESKTOP-EUND80C" failures="0" tests="7" name="com.crm.qa.testcases.ContactsPageTest" time="136.332" errors="0" timestamp="2023-12-07T23:13:17 EST" skipped="0">
  <testcase classname="com.crm.qa.testcases.ContactsPageTest" name="contactLabelIsDisplayTest" time="16.696"/>
  <testcase classname="com.crm.qa.testcases.ContactsPageTest" name="CheckboxClickTest" time="17.305"/>
  <testcase classname="com.crm.qa.testcases.ContactsPageTest" name="validateCreateNewContact" time="19.464"/>
  <testcase classname="com.crm.qa.testcases.ContactsPageTest" name="validateCreateNewContact" time="19.176"/>
  <testcase classname="com.crm.qa.testcases.ContactsPageTest" name="validateCreateNewContact" time="19.753"/>
  <testcase classname="com.crm.qa.testcases.ContactsPageTest" name="validateCreateNewContact" time="17.853"/>
  <testcase classname="com.crm.qa.testcases.ContactsPageTest" name="delateContectsTest" time="26.085"/>
</testsuite> <!-- com.crm.qa.testcases.ContactsPageTest -->
